android/app/build/intermediates/manifest_merge_blame_file/debug/manifest-merger-blame-debug-report.txt
1<?xml version="1.0" encoding="utf-8"?>
2<manifest xmlns:android="http://schemas.android.com/apk/res/android"
3    package="com.sales.analyzer"
4    android:versionCode="1"
5    android:versionName="1.0" >
6
7    <uses-sdk
8        android:minSdkVersion="26"
9        android:targetSdkVersion="34" />
10
11    <uses-permission android:name="android.permission.RECORD_AUDIO" />
11-->src\main\AndroidManifest.xml:4:5-70
11-->src\main\AndroidManifest.xml:4:22-68
12    <uses-permission android:name="android.permission.READ_PHONE_STATE" />
12-->src\main\AndroidManifest.xml:5:5-74
12-->src\main\AndroidManifest.xml:5:22-72
13    <uses-permission android:name="android.permission.INTERNET" />
13-->src\main\AndroidManifest.xml:6:5-66
13-->src\main\AndroidManifest.xml:6:22-64
14    <uses-permission android:name="android.permission.FOREGROUND_SERVICE" />
14-->src\main\AndroidManifest.xml:7:5-76
14-->src\main\AndroidManifest.xml:7:22-74
15    <uses-permission android:name="android.permission.FOREGROUND_SERVICE_MICROPHONE" />
15-->src\main\AndroidManifest.xml:8:5-87
15-->src\main\AndroidManifest.xml:8:22-85
16    <uses-permission android:name="android.permission.MANAGE_OWN_CALLS" />
16-->src\main\AndroidManifest.xml:9:5-74
16-->src\main\AndroidManifest.xml:9:22-72
17    <uses-permission android:name="android.permission.POST_NOTIFICATIONS" />
17-->src\main\AndroidManifest.xml:10:5-76
17-->src\main\AndroidManifest.xml:10:22-74
18    <!-- Обязательно для регистрации приложения как dialer -->
19    <uses-permission android:name="android.permission.CALL_PHONE" />
19-->src\main\AndroidManifest.xml:12:5-68
19-->src\main\AndroidManifest.xml:12:22-66
20
21    <permission
21-->[androidx.core:core:1.12.0] AndroidManifest.xml:22:5-24:47
22        android:name="com.sales.analyzer.DYNAMIC_RECEIVER_NOT_EXPORTED_PERMISSION"
22-->[androidx.core:core:1.12.0] AndroidManifest.xml:23:9-81
23        android:protectionLevel="signature" />
23-->[androidx.core:core:1.12.0] AndroidManifest.xml:24:9-44
24
25    <uses-permission android:name="com.sales.analyzer.DYNAMIC_RECEIVER_NOT_EXPORTED_PERMISSION" />
25-->[androidx.core:core:1.12.0] AndroidManifest.xml:26:5-97
25-->[androidx.core:core:1.12.0] AndroidManifest.xml:26:22-94
26
27    <application
27-->src\main\AndroidManifest.xml:14:5-75:19
28        android:name="com.sales.analyzer.SalesApp"
28-->src\main\AndroidManifest.xml:15:9-33
29        android:allowBackup="true"
29-->src\main\AndroidManifest.xml:16:9-35
30        android:appComponentFactory="androidx.core.app.CoreComponentFactory"
30-->[androidx.core:core:1.12.0] AndroidManifest.xml:28:18-86
31        android:debuggable="true"
32        android:extractNativeLibs="false"
33        android:label="Sales Analyzer"
33-->src\main\AndroidManifest.xml:17:9-39
34        android:networkSecurityConfig="@xml/network_security_config"
34-->src\main\AndroidManifest.xml:20:9-69
35        android:supportsRtl="true"
35-->src\main\AndroidManifest.xml:19:9-35
36        android:testOnly="true"
37        android:theme="@style/Theme.SalesAnalyzer" >
37-->src\main\AndroidManifest.xml:18:9-51
38        <activity
38-->src\main\AndroidManifest.xml:22:9-40:20
39            android:name="com.sales.analyzer.MainActivity"
39-->src\main\AndroidManifest.xml:23:13-41
40            android:exported="true"
40-->src\main\AndroidManifest.xml:24:13-36
41            android:screenOrientation="portrait" >
41-->src\main\AndroidManifest.xml:25:13-49
42            <intent-filter>
42-->src\main\AndroidManifest.xml:26:13-29:29
43                <action android:name="android.intent.action.MAIN" />
43-->src\main\AndroidManifest.xml:27:17-68
43-->src\main\AndroidManifest.xml:27:25-66
44
45                <category android:name="android.intent.category.LAUNCHER" />
45-->src\main\AndroidManifest.xml:28:17-76
45-->src\main\AndroidManifest.xml:28:27-74
46            </intent-filter>
47            <!-- Обязательно: без этих фильтров система не предложит приложение как dialer -->
48            <intent-filter>
48-->src\main\AndroidManifest.xml:31:13-35:29
49                <action android:name="android.intent.action.DIAL" />
49-->src\main\AndroidManifest.xml:32:17-68
49-->src\main\AndroidManifest.xml:32:25-66
50
51                <category android:name="android.intent.category.DEFAULT" />
51-->src\main\AndroidManifest.xml:33:17-75
51-->src\main\AndroidManifest.xml:33:27-73
52
53                <data android:scheme="tel" />
53-->src\main\AndroidManifest.xml:34:17-45
53-->src\main\AndroidManifest.xml:34:23-43
54            </intent-filter>
55            <intent-filter>
55-->src\main\AndroidManifest.xml:36:13-39:29
56                <action android:name="android.intent.action.DIAL" />
56-->src\main\AndroidManifest.xml:32:17-68
56-->src\main\AndroidManifest.xml:32:25-66
57
58                <category android:name="android.intent.category.DEFAULT" />
58-->src\main\AndroidManifest.xml:33:17-75
58-->src\main\AndroidManifest.xml:33:27-73
59            </intent-filter>
60        </activity>
61        <activity
61-->src\main\AndroidManifest.xml:42:9-45:51
62            android:name="com.sales.analyzer.PostCallActivity"
62-->src\main\AndroidManifest.xml:43:13-45
63            android:exported="false"
63-->src\main\AndroidManifest.xml:44:13-37
64            android:screenOrientation="portrait" />
64-->src\main\AndroidManifest.xml:45:13-49
65
66        <!-- InCallService: показывает UI во время звонка -->
67        <service
67-->src\main\AndroidManifest.xml:48:9-58:19
68            android:name="com.sales.analyzer.CallService"
68-->src\main\AndroidManifest.xml:49:13-40
69            android:exported="true"
69-->src\main\AndroidManifest.xml:50:13-36
70            android:permission="android.permission.BIND_INCALL_SERVICE" >
70-->src\main\AndroidManifest.xml:51:13-72
71            <meta-data
71-->src\main\AndroidManifest.xml:52:13-54:39
72                android:name="android.telecom.IN_CALL_SERVICE_UI"
72-->src\main\AndroidManifest.xml:53:17-66
73                android:value="true" />
73-->src\main\AndroidManifest.xml:54:17-37
74
75            <intent-filter>
75-->src\main\AndroidManifest.xml:55:13-57:29
76                <action android:name="android.telecom.InCallService" />
76-->src\main\AndroidManifest.xml:56:17-71
76-->src\main\AndroidManifest.xml:56:25-69
77            </intent-filter>
78        </service>
79
80        <!-- ConnectionService: обязателен для регистрации как phone app -->
81        <service
81-->src\main\AndroidManifest.xml:61:9-68:19
82            android:name="com.sales.analyzer.SalesConnectionService"
82-->src\main\AndroidManifest.xml:62:13-51
83            android:exported="true"
83-->src\main\AndroidManifest.xml:63:13-36
84            android:permission="android.permission.BIND_TELECOM_CONNECTION_SERVICE" >
84-->src\main\AndroidManifest.xml:64:13-84
85            <intent-filter>
85-->src\main\AndroidManifest.xml:65:13-67:29
86                <action android:name="android.telecom.ConnectionService" />
86-->src\main\AndroidManifest.xml:66:17-75
86-->src\main\AndroidManifest.xml:66:25-73
87            </intent-filter>
88        </service>
89        <service
89-->src\main\AndroidManifest.xml:70:9-73:57
90            android:name="com.sales.analyzer.AudioCaptureService"
90-->src\main\AndroidManifest.xml:71:13-48
91            android:exported="false"
91-->src\main\AndroidManifest.xml:72:13-37
92            android:foregroundServiceType="microphone" />
92-->src\main\AndroidManifest.xml:73:13-55
93
94        <provider
94-->[androidx.emoji2:emoji2:1.3.0] AndroidManifest.xml:24:9-32:20
95            android:name="androidx.startup.InitializationProvider"
95-->[androidx.emoji2:emoji2:1.3.0] AndroidManifest.xml:25:13-67
96            android:authorities="com.sales.analyzer.androidx-startup"
96-->[androidx.emoji2:emoji2:1.3.0] AndroidManifest.xml:26:13-68
97            android:exported="false" >
97-->[androidx.emoji2:emoji2:1.3.0] AndroidManifest.xml:27:13-37
98            <meta-data
98-->[androidx.emoji2:emoji2:1.3.0] AndroidManifest.xml:29:13-31:52
99                android:name="androidx.emoji2.text.EmojiCompatInitializer"
99-->[androidx.emoji2:emoji2:1.3.0] AndroidManifest.xml:30:17-75
100                android:value="androidx.startup" />
100-->[androidx.emoji2:emoji2:1.3.0] AndroidManifest.xml:31:17-49
101            <meta-data
101-->[androidx.lifecycle:lifecycle-process:2.7.0] AndroidManifest.xml:29:13-31:52
102                android:name="androidx.lifecycle.ProcessLifecycleInitializer"
102-->[androidx.lifecycle:lifecycle-process:2.7.0] AndroidManifest.xml:30:17-78
103                android:value="androidx.startup" />
103-->[androidx.lifecycle:lifecycle-process:2.7.0] AndroidManifest.xml:31:17-49
104            <meta-data
104-->[androidx.profileinstaller:profileinstaller:1.3.0] AndroidManifest.xml:29:13-31:52
105                android:name="androidx.profileinstaller.ProfileInstallerInitializer"
105-->[androidx.profileinstaller:profileinstaller:1.3.0] AndroidManifest.xml:30:17-85
106                android:value="androidx.startup" />
106-->[androidx.profileinstaller:profileinstaller:1.3.0] AndroidManifest.xml:31:17-49
107        </provider>
108
109        <receiver
109-->[androidx.profileinstaller:profileinstaller:1.3.0] AndroidManifest.xml:34:9-52:20
110            android:name="androidx.profileinstaller.ProfileInstallReceiver"
110-->[androidx.profileinstaller:profileinstaller:1.3.0] AndroidManifest.xml:35:13-76
111            android:directBootAware="false"
111-->[androidx.profileinstaller:profileinstaller:1.3.0] AndroidManifest.xml:36:13-44
112            android:enabled="true"
112-->[androidx.profileinstaller:profileinstaller:1.3.0] AndroidManifest.xml:37:13-35
113            android:exported="true"
113-->[androidx.profileinstaller:profileinstaller:1.3.0] AndroidManifest.xml:38:13-36
114            android:permission="android.permission.DUMP" >
114-->[androidx.profileinstaller:profileinstaller:1.3.0] AndroidManifest.xml:39:13-57
115            <intent-filter>
115-->[androidx.profileinstaller:profileinstaller:1.3.0] AndroidManifest.xml:40:13-42:29
116                <action android:name="androidx.profileinstaller.action.INSTALL_PROFILE" />
116-->[androidx.profileinstaller:profileinstaller:1.3.0] AndroidManifest.xml:41:17-91
116-->[androidx.profileinstaller:profileinstaller:1.3.0] AndroidManifest.xml:41:25-88
117            </intent-filter>
118            <intent-filter>
118-->[androidx.profileinstaller:profileinstaller:1.3.0] AndroidManifest.xml:43:13-45:29
119                <action android:name="androidx.profileinstaller.action.SKIP_FILE" />
119-->[androidx.profileinstaller:profileinstaller:1.3.0] AndroidManifest.xml:44:17-85
119-->[androidx.profileinstaller:profileinstaller:1.3.0] AndroidManifest.xml:44:25-82
120            </intent-filter>
121            <intent-filter>
121-->[androidx.profileinstaller:profileinstaller:1.3.0] AndroidManifest.xml:46:13-48:29
122                <action android:name="androidx.profileinstaller.action.SAVE_PROFILE" />
122-->[androidx.profileinstaller:profileinstaller:1.3.0] AndroidManifest.xml:47:17-88
122-->[androidx.profileinstaller:profileinstaller:1.3.0] AndroidManifest.xml:47:25-85
123            </intent-filter>
124            <intent-filter>
124-->[androidx.profileinstaller:profileinstaller:1.3.0] AndroidManifest.xml:49:13-51:29
125                <action android:name="androidx.profileinstaller.action.BENCHMARK_OPERATION" />
125-->[androidx.profileinstaller:profileinstaller:1.3.0] AndroidManifest.xml:50:17-95
125-->[androidx.profileinstaller:profileinstaller:1.3.0] AndroidManifest.xml:50:25-92
126            </intent-filter>
127        </receiver>
128    </application>
129
130</manifest>